<html>
<head>
<title>TestNG:  Default test</title>
<link href="../testng.css" rel="stylesheet" type="text/css" />
<link href="../my-testng.css" rel="stylesheet" type="text/css" />

<style type="text/css">
.log { display: none;} 
.stack-trace { display: none;} 
</style>
<script type="text/javascript">
<!--
function flip(e) {
  current = e.style.display;
  if (current == 'block') {
    e.style.display = 'none';
    return 0;
  }
  else {
    e.style.display = 'block';
    return 1;
  }
}

function toggleBox(szDivId, elem, msg1, msg2)
{
  var res = -1;  if (document.getElementById) {
    res = flip(document.getElementById(szDivId));
  }
  else if (document.all) {
    // this is the way old msie versions work
    res = flip(document.all[szDivId]);
  }
  if(elem) {
    if(res == 0) elem.innerHTML = msg1; else elem.innerHTML = msg2;
  }

}

function toggleAllBoxes() {
  if (document.getElementsByTagName) {
    d = document.getElementsByTagName('div');
    for (i = 0; i < d.length; i++) {
      if (d[i].className == 'log') {
        flip(d[i]);
      }
    }
  }
}

// -->
</script>

</head>
<body>
<h2 align='center'>Default test</h2><table border='1' align="center">
<tr>
<td>Tests passed/Failed/Skipped:</td><td>10/1/0</td>
</tr><tr>
<td>Started on:</td><td>Mon Jul 24 14:26:44 CDT 2023</td>
</tr>
<tr><td>Total time:</td><td>30 seconds (30084 ms)</td>
</tr><tr>
<td>Included groups:</td><td></td>
</tr><tr>
<td>Excluded groups:</td><td></td>
</tr>
</table><p/>
<small><i>(Hover the method name to see the test class name)</i></small><p/>
<table width='100%' border='1' class='invocation-failed'>
<tr><td colspan='4' align='center'><b>FAILED TESTS</b></td></tr>
<tr><td><b>Test method</b></td>
<td width="30%"><b>Exception</b></td>
<td width="10%"><b>Time (seconds)</b></td>
<td><b>Instance</b></td>
</tr>
<tr>
<td title='runner.TestRunner.runScenario()'><b>runScenario</b><br>Test class: runner.TestRunner<br>Test method: Runs Cucumber Scenarios<br>Parameters: "User is trying to create an assignment with missing data", "Title of your feature"</td>
<td><div><pre>java.lang.AssertionError: 1 expectation failed.
Response body doesn&apos;t match expectation.
Expected: The content to match the given JSON schema.
error: object instance has properties which are not allowed by the schema: [&quot;message&quot;,&quot;success&quot;]
    level: &quot;error&quot;
    schema: {&quot;loadingURI&quot;:&quot;file:/C:/NumpyNinja_Projects/RESTAssured_Hackathon2023/target/test-classes/schemaValidator.json#&quot;,&quot;pointer&quot;:&quot;/definitions/Welcome3&quot;}
    instance: {&quot;pointer&quot;:&quot;&quot;}
    domain: &quot;validation&quot;
    keyword: &quot;additionalProperties&quot;
    unwanted: [&quot;message&quot;,&quot;success&quot;]
error: object has missing required properties ([&quot;assignmentDescription&quot;,&quot;assignmentId&quot;,&quot;assignmentName&quot;,&quot;batchId&quot;,&quot;comments&quot;,&quot;createdBy&quot;,&quot;dueDate&quot;,&quot;graderId&quot;,&quot;pathAttachment1&quot;,&quot;pathAttachment2&quot;,&quot;pathAttachment3&quot;,&quot;pathAttachment4&quot;,&quot;pathAttachment5&quot;])
    level: &quot;error&quot;
    schema: {&quot;loadingURI&quot;:&quot;file:/C:/NumpyNinja_Projects/RESTAssured_Hackathon2023/target/test-classes/schemaValidator.json#&quot;,&quot;pointer&quot;:&quot;/definitions/Welcome3&quot;}
    instance: {&quot;pointer&quot;:&quot;&quot;}
    domain: &quot;validation&quot;
    keyword: &quot;required&quot;
    required: [&quot;assignmentDescription&quot;,&quot;assignmentId&quot;,&quot;assignmentName&quot;,&quot;batchId&quot;,&quot;comments&quot;,&quot;createdBy&quot;,&quot;dueDate&quot;,&quot;graderId&quot;,&quot;pathAttachment1&quot;,&quot;pathAttachment2&quot;,&quot;pathAttachment3&quot;,&quot;pathAttachment4&quot;,&quot;pathAttachment5&quot;]
    missing: [&quot;assignmentDescription&quot;,&quot;assignmentId&quot;,&quot;assignmentName&quot;,&quot;batchId&quot;,&quot;comments&quot;,&quot;createdBy&quot;,&quot;dueDate&quot;,&quot;graderId&quot;,&quot;pathAttachment1&quot;,&quot;pathAttachment2&quot;,&quot;pathAttachment3&quot;,&quot;pathAttachment4&quot;,&quot;pathAttachment5&quot;]

  Actual: {&quot;message&quot;:&quot;Created By is mandatory&quot;,&quot;success&quot;:false}

	at java.base/jdk.internal.reflect.DirectConstructorHandleAccessor.newInstance(DirectConstructorHandleAccessor.java:67)
	at java.base/java.lang.reflect.Constructor.newInstanceWithCaller(Constructor.java:500)
	at java.base/java.lang.reflect.Constructor.newInstance(Constructor.java:484)
	at org.codehaus.groovy.reflection.CachedConstructor.invoke(CachedConstructor.java:72)
	at org.codehaus.groovy.runtime.callsite.ConstructorSite$ConstructorSiteNoUnwrapNoCoerce.callConstructor(ConstructorSite.java:105)
	at org.codehaus.groovy.runtime.callsite.CallSiteArray.defaultCallConstructor(CallSiteArray.java:59)
	at org.codehaus.groovy.runtime.callsite.AbstractCallSite.callConstructor(AbstractCallSite.java:263)
	at org.codehaus.groovy.runtime.callsite.AbstractCallSite.callConstructor(AbstractCallSite.java:277)
	at io.restassured.internal.ResponseSpecificationImpl$HamcrestAssertionClosure.validate(ResponseSpecificationImpl.groovy:493)
	at io.restassured.internal.ResponseSpecificationImpl$HamcrestAssertionClosure$validate$1.call(Unknown Source)
	at io.restassured.internal.ResponseSpecificationImpl.validateResponseIfRequired(ResponseSpecificationImpl.groovy:674)
	at java.base/jdk.internal.reflect.DirectMethodHandleAccessor.invoke(DirectMethodHandleAccessor.java:104)
	at java.base/java.lang.reflect.Method.invoke(Method.java:578)
	at org.codehaus.groovy.runtime.callsite.PlainObjectMetaMethodSite.doInvoke(PlainObjectMetaMethodSite.java:43)
	at org.codehaus.groovy.runtime.callsite.PogoMetaMethodSite$PogoCachedMethodSiteNoUnwrapNoCoerce.invoke(PogoMetaMethodSite.java:193)
	at org.codehaus.groovy.runtime.callsite.PogoMetaMethodSite.callCurrent(PogoMetaMethodSite.java:61)
	at org.codehaus.groovy.runtime.callsite.AbstractCallSite.callCurrent(AbstractCallSite.java:185)
	at io.restassured.internal.ResponseSpecificationImpl.body(ResponseSpecificationImpl.groovy:98)
	at io.restassured.internal.ValidatableResponseOptionsImpl.body(ValidatableResponseOptionsImpl.java:238)
	at io.restassured.internal.ValidatableResponseImpl.super$2$body(ValidatableResponseImpl.groovy)
	at java.base/jdk.internal.reflect.DirectMethodHandleAccessor.invoke(DirectMethodHandleAccessor.java:104)
	at java.base/java.lang.reflect.Method.invoke(Method.java:578)
	at org.codehaus.groovy.reflection.CachedMethod.invoke(CachedMethod.java:107)
	at groovy.lang.MetaMethod.doMethodInvoke(MetaMethod.java:323)
	at groovy.lang.MetaClassImpl.invokeMethod(MetaClassImpl.java:1262)
	at org.codehaus.groovy.runtime.ScriptBytecodeAdapter.invokeMethodOnSuperN(ScriptBytecodeAdapter.java:144)
	at io.restassured.internal.ValidatableResponseImpl.body(ValidatableResponseImpl.groovy:293)
	at io.restassured.internal.ValidatableResponseImpl.body(ValidatableResponseImpl.groovy)
	at api.endpoints.AssignmentEndPoints.createUser(AssignmentEndPoints.java:21)
	at api.tests.AssignmentTests.TestPostAssignment(AssignmentTests.java:88)
	at stepDefinitions.AssignmentNegativeScenarios_SD.user_sends_request_body_from_excel_with_missing_data(AssignmentNegativeScenarios_SD.java:22)
	at ✽.User sends request Body from excel with missing data(file:///C:/NumpyNinja_Projects/RESTAssured_Hackathon2023/src/test/resources/features/5AssignmentNegativeScenarios.feature:27)
</pre></div><a href='#' onClick='toggleBox("stack-trace1889879857", this, "Click to show all stack frames", "Click to hide stack frames")'>Click to show all stack frames</a>
<div class='stack-trace' id='stack-trace1889879857'><pre>java.lang.AssertionError: 1 expectation failed.
Response body doesn&apos;t match expectation.
Expected: The content to match the given JSON schema.
error: object instance has properties which are not allowed by the schema: [&quot;message&quot;,&quot;success&quot;]
    level: &quot;error&quot;
    schema: {&quot;loadingURI&quot;:&quot;file:/C:/NumpyNinja_Projects/RESTAssured_Hackathon2023/target/test-classes/schemaValidator.json#&quot;,&quot;pointer&quot;:&quot;/definitions/Welcome3&quot;}
    instance: {&quot;pointer&quot;:&quot;&quot;}
    domain: &quot;validation&quot;
    keyword: &quot;additionalProperties&quot;
    unwanted: [&quot;message&quot;,&quot;success&quot;]
error: object has missing required properties ([&quot;assignmentDescription&quot;,&quot;assignmentId&quot;,&quot;assignmentName&quot;,&quot;batchId&quot;,&quot;comments&quot;,&quot;createdBy&quot;,&quot;dueDate&quot;,&quot;graderId&quot;,&quot;pathAttachment1&quot;,&quot;pathAttachment2&quot;,&quot;pathAttachment3&quot;,&quot;pathAttachment4&quot;,&quot;pathAttachment5&quot;])
    level: &quot;error&quot;
    schema: {&quot;loadingURI&quot;:&quot;file:/C:/NumpyNinja_Projects/RESTAssured_Hackathon2023/target/test-classes/schemaValidator.json#&quot;,&quot;pointer&quot;:&quot;/definitions/Welcome3&quot;}
    instance: {&quot;pointer&quot;:&quot;&quot;}
    domain: &quot;validation&quot;
    keyword: &quot;required&quot;
    required: [&quot;assignmentDescription&quot;,&quot;assignmentId&quot;,&quot;assignmentName&quot;,&quot;batchId&quot;,&quot;comments&quot;,&quot;createdBy&quot;,&quot;dueDate&quot;,&quot;graderId&quot;,&quot;pathAttachment1&quot;,&quot;pathAttachment2&quot;,&quot;pathAttachment3&quot;,&quot;pathAttachment4&quot;,&quot;pathAttachment5&quot;]
    missing: [&quot;assignmentDescription&quot;,&quot;assignmentId&quot;,&quot;assignmentName&quot;,&quot;batchId&quot;,&quot;comments&quot;,&quot;createdBy&quot;,&quot;dueDate&quot;,&quot;graderId&quot;,&quot;pathAttachment1&quot;,&quot;pathAttachment2&quot;,&quot;pathAttachment3&quot;,&quot;pathAttachment4&quot;,&quot;pathAttachment5&quot;]

  Actual: {&quot;message&quot;:&quot;Created By is mandatory&quot;,&quot;success&quot;:false}

	at java.base/jdk.internal.reflect.DirectConstructorHandleAccessor.newInstance(DirectConstructorHandleAccessor.java:67)
	at java.base/java.lang.reflect.Constructor.newInstanceWithCaller(Constructor.java:500)
	at java.base/java.lang.reflect.Constructor.newInstance(Constructor.java:484)
	at org.codehaus.groovy.reflection.CachedConstructor.invoke(CachedConstructor.java:72)
	at org.codehaus.groovy.runtime.callsite.ConstructorSite$ConstructorSiteNoUnwrapNoCoerce.callConstructor(ConstructorSite.java:105)
	at org.codehaus.groovy.runtime.callsite.CallSiteArray.defaultCallConstructor(CallSiteArray.java:59)
	at org.codehaus.groovy.runtime.callsite.AbstractCallSite.callConstructor(AbstractCallSite.java:263)
	at org.codehaus.groovy.runtime.callsite.AbstractCallSite.callConstructor(AbstractCallSite.java:277)
	at io.restassured.internal.ResponseSpecificationImpl$HamcrestAssertionClosure.validate(ResponseSpecificationImpl.groovy:493)
	at io.restassured.internal.ResponseSpecificationImpl$HamcrestAssertionClosure$validate$1.call(Unknown Source)
	at io.restassured.internal.ResponseSpecificationImpl.validateResponseIfRequired(ResponseSpecificationImpl.groovy:674)
	at java.base/jdk.internal.reflect.DirectMethodHandleAccessor.invoke(DirectMethodHandleAccessor.java:104)
	at java.base/java.lang.reflect.Method.invoke(Method.java:578)
	at org.codehaus.groovy.runtime.callsite.PlainObjectMetaMethodSite.doInvoke(PlainObjectMetaMethodSite.java:43)
	at org.codehaus.groovy.runtime.callsite.PogoMetaMethodSite$PogoCachedMethodSiteNoUnwrapNoCoerce.invoke(PogoMetaMethodSite.java:193)
	at org.codehaus.groovy.runtime.callsite.PogoMetaMethodSite.callCurrent(PogoMetaMethodSite.java:61)
	at org.codehaus.groovy.runtime.callsite.AbstractCallSite.callCurrent(AbstractCallSite.java:185)
	at io.restassured.internal.ResponseSpecificationImpl.body(ResponseSpecificationImpl.groovy:98)
	at io.restassured.internal.ValidatableResponseOptionsImpl.body(ValidatableResponseOptionsImpl.java:238)
	at io.restassured.internal.ValidatableResponseImpl.super$2$body(ValidatableResponseImpl.groovy)
	at java.base/jdk.internal.reflect.DirectMethodHandleAccessor.invoke(DirectMethodHandleAccessor.java:104)
	at java.base/java.lang.reflect.Method.invoke(Method.java:578)
	at org.codehaus.groovy.reflection.CachedMethod.invoke(CachedMethod.java:107)
	at groovy.lang.MetaMethod.doMethodInvoke(MetaMethod.java:323)
	at groovy.lang.MetaClassImpl.invokeMethod(MetaClassImpl.java:1262)
	at org.codehaus.groovy.runtime.ScriptBytecodeAdapter.invokeMethodOnSuperN(ScriptBytecodeAdapter.java:144)
	at io.restassured.internal.ValidatableResponseImpl.body(ValidatableResponseImpl.groovy:293)
	at io.restassured.internal.ValidatableResponseImpl.body(ValidatableResponseImpl.groovy)
	at api.endpoints.AssignmentEndPoints.createUser(AssignmentEndPoints.java:21)
	at api.tests.AssignmentTests.TestPostAssignment(AssignmentTests.java:88)
	at stepDefinitions.AssignmentNegativeScenarios_SD.user_sends_request_body_from_excel_with_missing_data(AssignmentNegativeScenarios_SD.java:22)
	at ✽.User sends request Body from excel with missing data(file:///C:/NumpyNinja_Projects/RESTAssured_Hackathon2023/src/test/resources/features/5AssignmentNegativeScenarios.feature:27)
</pre></div></td>
<td>0</td>
<td>runner.TestRunner@79924b</td></tr>
</table><p>
<table width='100%' border='1' class='invocation-passed'>
<tr><td colspan='4' align='center'><b>PASSED TESTS</b></td></tr>
<tr><td><b>Test method</b></td>
<td width="30%"><b>Exception</b></td>
<td width="10%"><b>Time (seconds)</b></td>
<td><b>Instance</b></td>
</tr>
<tr>
<td title='runner.TestRunner.runScenario()'><b>runScenario</b><br>Test class: runner.TestRunner<br>Test method: Runs Cucumber Scenarios<br>Parameters: "User is trying to create an assignment", "Title of your feature"</td>
<td></td>
<td>4</td>
<td>runner.TestRunner@79924b</td></tr>
<tr>
<td title='runner.TestRunner.runScenario()'><b>runScenario</b><br>Test class: runner.TestRunner<br>Test method: Runs Cucumber Scenarios<br>Parameters: "User is trying to extract all data of assignments", "Title of your feature"</td>
<td></td>
<td>0</td>
<td>runner.TestRunner@79924b</td></tr>
<tr>
<td title='runner.TestRunner.runScenario()'><b>runScenario</b><br>Test class: runner.TestRunner<br>Test method: Runs Cucumber Scenarios<br>Parameters: "User is trying to extract data by assignment id", "Title of your feature"</td>
<td></td>
<td>0</td>
<td>runner.TestRunner@79924b</td></tr>
<tr>
<td title='runner.TestRunner.runScenario()'><b>runScenario</b><br>Test class: runner.TestRunner<br>Test method: Runs Cucumber Scenarios<br>Parameters: "User is trying to extract data by batch id", "Title of your feature"</td>
<td></td>
<td>21</td>
<td>runner.TestRunner@79924b</td></tr>
<tr>
<td title='runner.TestRunner.runScenario()'><b>runScenario</b><br>Test class: runner.TestRunner<br>Test method: Runs Cucumber Scenarios<br>Parameters: "User is trying to update an assignment", "Title of your feature"</td>
<td></td>
<td>0</td>
<td>runner.TestRunner@79924b</td></tr>
<tr>
<td title='runner.TestRunner.runScenario()'><b>runScenario</b><br>Test class: runner.TestRunner<br>Test method: Runs Cucumber Scenarios<br>Parameters: "User is trying to delete an assignment", "Title of your feature"</td>
<td></td>
<td>0</td>
<td>runner.TestRunner@79924b</td></tr>
<tr>
<td title='runner.TestRunner.runScenario()'><b>runScenario</b><br>Test class: runner.TestRunner<br>Test method: Runs Cucumber Scenarios<br>Parameters: "User is trying to extract data by non-existing assignment id", "Title of your feature"</td>
<td></td>
<td>0</td>
<td>runner.TestRunner@79924b</td></tr>
<tr>
<td title='runner.TestRunner.runScenario()'><b>runScenario</b><br>Test class: runner.TestRunner<br>Test method: Runs Cucumber Scenarios<br>Parameters: "User is trying to extract data by non-existing batch id", "Title of your feature"</td>
<td></td>
<td>0</td>
<td>runner.TestRunner@79924b</td></tr>
<tr>
<td title='runner.TestRunner.runScenario()'><b>runScenario</b><br>Test class: runner.TestRunner<br>Test method: Runs Cucumber Scenarios<br>Parameters: "User is trying to update an assignment with missing data", "Title of your feature"</td>
<td></td>
<td>0</td>
<td>runner.TestRunner@79924b</td></tr>
<tr>
<td title='runner.TestRunner.runScenario()'><b>runScenario</b><br>Test class: runner.TestRunner<br>Test method: Runs Cucumber Scenarios<br>Parameters: "User is trying to delete an assignment with non-existent id", "Title of your feature"</td>
<td></td>
<td>0</td>
<td>runner.TestRunner@79924b</td></tr>
</table><p>
</body>
</html>